c:\users\misoc\desktop\c++asinggui\studentaccount\studentaccount\x64\release\studentaccount.pch
c:\users\misoc\desktop\c++asinggui\studentaccount\studentaccount\x64\release\vc141.pdb
c:\users\misoc\desktop\c++asinggui\studentaccount\studentaccount\x64\release\stdafx.obj
c:\users\misoc\desktop\c++asinggui\studentaccount\studentaccount\x64\release\withdrawform.obj
c:\users\misoc\desktop\c++asinggui\studentaccount\studentaccount\x64\release\studentdetails.obj
c:\users\misoc\desktop\c++asinggui\studentaccount\studentaccount\x64\release\studentaccount.obj
c:\users\misoc\desktop\c++asinggui\studentaccount\studentaccount\x64\release\selectactionform.obj
c:\users\misoc\desktop\c++asinggui\studentaccount\studentaccount\x64\release\selectaccount.obj
c:\users\misoc\desktop\c++asinggui\studentaccount\studentaccount\x64\release\savingsaccountform.obj
c:\users\misoc\desktop\c++asinggui\studentaccount\studentaccount\x64\release\login.obj
c:\users\misoc\desktop\c++asinggui\studentaccount\studentaccount\x64\release\depositeform.obj
c:\users\misoc\desktop\c++asinggui\studentaccount\studentaccount\x64\release\currentaccountform.obj
c:\users\misoc\desktop\c++asinggui\studentaccount\studentaccount\x64\release\balanceform.obj
c:\users\misoc\desktop\c++asinggui\studentaccount\studentaccount\x64\release\assemblyinfo.obj
c:\users\misoc\desktop\c++asinggui\studentaccount\studentaccount\x64\release\.netframework,version=v4.6.1.assemblyattributes.obj
c:\users\misoc\desktop\c++asinggui\studentaccount\studentaccount\x64\release\.netframework,version=v4.6.1.assemblyattributes.asm
c:\users\misoc\desktop\c++asinggui\studentaccount\x64\release\studentaccount.exe
c:\users\misoc\desktop\c++asinggui\studentaccount\x64\release\studentaccount.pdb
c:\users\misoc\desktop\c++asinggui\studentaccount\studentaccount\x64\release\app.res
c:\users\misoc\desktop\c++asinggui\studentaccount\studentaccount\x64\release\studentaccount.balanceform.resources
c:\users\misoc\desktop\c++asinggui\studentaccount\studentaccount\x64\release\studentaccount.currentaccountform.resources
c:\users\misoc\desktop\c++asinggui\studentaccount\studentaccount\x64\release\studentaccount.depositeform.resources
c:\users\misoc\desktop\c++asinggui\studentaccount\studentaccount\x64\release\studentaccount.login.resources
c:\users\misoc\desktop\c++asinggui\studentaccount\studentaccount\x64\release\studentaccount.savingsaccountform.resources
c:\users\misoc\desktop\c++asinggui\studentaccount\studentaccount\x64\release\studentaccount.selectaccount.resources
c:\users\misoc\desktop\c++asinggui\studentaccount\studentaccount\x64\release\studentaccount.selectactionform.resources
c:\users\misoc\desktop\c++asinggui\studentaccount\studentaccount\x64\release\studentaccount.withdrawform.resources
c:\users\misoc\desktop\c++asinggui\studentaccount\studentaccount\x64\release\studentaccount.vcxproj.generateresource.cache
c:\users\misoc\desktop\c++asinggui\studentaccount\studentaccount\x64\release\studentaccount.vcxprojassemblyreference.cache
c:\users\misoc\desktop\c++asinggui\studentaccount\studentaccount\x64\release\studentaccount.tlog\cl.command.1.tlog
c:\users\misoc\desktop\c++asinggui\studentaccount\studentaccount\x64\release\studentaccount.tlog\cl.read.1.tlog
c:\users\misoc\desktop\c++asinggui\studentaccount\studentaccount\x64\release\studentaccount.tlog\cl.write.1.tlog
c:\users\misoc\desktop\c++asinggui\studentaccount\studentaccount\x64\release\studentaccount.tlog\link.command.1.tlog
c:\users\misoc\desktop\c++asinggui\studentaccount\studentaccount\x64\release\studentaccount.tlog\link.read.1.tlog
c:\users\misoc\desktop\c++asinggui\studentaccount\studentaccount\x64\release\studentaccount.tlog\link.write.1.tlog
c:\users\misoc\desktop\c++asinggui\studentaccount\studentaccount\x64\release\studentaccount.tlog\metagen.read.1.tlog
c:\users\misoc\desktop\c++asinggui\studentaccount\studentaccount\x64\release\studentaccount.tlog\metagen.write.1.tlog
c:\users\misoc\desktop\c++asinggui\studentaccount\studentaccount\x64\release\studentaccount.tlog\rc.command.1.tlog
c:\users\misoc\desktop\c++asinggui\studentaccount\studentaccount\x64\release\studentaccount.tlog\rc.read.1.tlog
c:\users\misoc\desktop\c++asinggui\studentaccount\studentaccount\x64\release\studentaccount.tlog\rc.write.1.tlog
c:\users\misoc\desktop\c++asinggui\studentaccount\studentaccount\x64\release\studentaccount.tlog\studentaccount.write.1u.tlog
c:\users\misoc\desktop\c++asinggui\studentaccount\studentaccount\x64\release\studentaccount.tlog\tzres.dll.bi
